Determining if the pthread_create exist failed with the following output:
Change Dir: /home/icrl/jeiger/user2/ex_cudnn/build/CMakeFiles/CMakeTmp

Run Build Command:"/usr/bin/make" "cmTC_90ba5/fast"
/usr/bin/make -f CMakeFiles/cmTC_90ba5.dir/build.make CMakeFiles/cmTC_90ba5.dir/build
make[1]: Entering directory '/home/hd-3/jeiger/user2/ex_cudnn/build/CMakeFiles/CMakeTmp'
Building C object CMakeFiles/cmTC_90ba5.dir/CheckSymbolExists.c.o
/usr/bin/cc    -fPIC    -o CMakeFiles/cmTC_90ba5.dir/CheckSymbolExists.c.o   -c /home/icrl/jeiger/user2/ex_cudnn/build/CMakeFiles/CMakeTmp/CheckSymbolExists.c
Linking C executable cmTC_90ba5
/usr/bin/cmake -E cmake_link_script CMakeFiles/cmTC_90ba5.dir/link.txt --verbose=1
/usr/bin/cc  -fPIC     CMakeFiles/cmTC_90ba5.dir/CheckSymbolExists.c.o  -o cmTC_90ba5 -rdynamic 
CMakeFiles/cmTC_90ba5.dir/CheckSymbolExists.c.o: In function `main':
CheckSymbolExists.c:(.text+0x1b): undefined reference to `pthread_create'
collect2: error: ld returned 1 exit status
CMakeFiles/cmTC_90ba5.dir/build.make:97: recipe for target 'cmTC_90ba5' failed
make[1]: *** [cmTC_90ba5] Error 1
make[1]: Leaving directory '/home/hd-3/jeiger/user2/ex_cudnn/build/CMakeFiles/CMakeTmp'
Makefile:126: recipe for target 'cmTC_90ba5/fast' failed
make: *** [cmTC_90ba5/fast] Error 2

File /home/icrl/jeiger/user2/ex_cudnn/build/CMakeFiles/CMakeTmp/CheckSymbolExists.c:
/* */
#include <pthread.h>

int main(int argc, char** argv)
{
  (void)argv;
#ifndef pthread_create
  return ((int*)(&pthread_create))[argc];
#else
  (void)argc;
  return 0;
#endif
}

Determining if the function pthread_create exists in the pthreads failed with the following output:
Change Dir: /home/icrl/jeiger/user2/ex_cudnn/build/CMakeFiles/CMakeTmp

Run Build Command:"/usr/bin/make" "cmTC_28f33/fast"
/usr/bin/make -f CMakeFiles/cmTC_28f33.dir/build.make CMakeFiles/cmTC_28f33.dir/build
make[1]: Entering directory '/home/hd-3/jeiger/user2/ex_cudnn/build/CMakeFiles/CMakeTmp'
Building C object CMakeFiles/cmTC_28f33.dir/CheckFunctionExists.c.o
/usr/bin/cc    -fPIC -DCHECK_FUNCTION_EXISTS=pthread_create   -o CMakeFiles/cmTC_28f33.dir/CheckFunctionExists.c.o   -c /usr/share/cmake-3.5/Modules/CheckFunctionExists.c
Linking C executable cmTC_28f33
/usr/bin/cmake -E cmake_link_script CMakeFiles/cmTC_28f33.dir/link.txt --verbose=1
/usr/bin/cc  -fPIC -DCHECK_FUNCTION_EXISTS=pthread_create    CMakeFiles/cmTC_28f33.dir/CheckFunctionExists.c.o  -o cmTC_28f33 -rdynamic -lpthreads 
/usr/bin/ld: cannot find -lpthreads
collect2: error: ld returned 1 exit status
CMakeFiles/cmTC_28f33.dir/build.make:97: recipe for target 'cmTC_28f33' failed
make[1]: *** [cmTC_28f33] Error 1
make[1]: Leaving directory '/home/hd-3/jeiger/user2/ex_cudnn/build/CMakeFiles/CMakeTmp'
Makefile:126: recipe for target 'cmTC_28f33/fast' failed
make: *** [cmTC_28f33/fast] Error 2


